2023-10-05T08:26:39+00:00 DEBUG POST: https://business-api.tiktok.com/open_api/v1.2/tbp/business_profile/store/update/

{"business_platform":"WOO_COMMERCE","external_business_id":"tt4b_woocommerce_65191255d703a","net_gmv":[{"interval":"LIFETIME","max":6190000,"min":6190000,"unit":"CURRENCY"}],"net_order_count":[{"interval":"LIFETIME","max":1,"min":1,"unit":"COUNT"}],"tenure":{"min":14,"max":14,"unit":"DAYS"},"extra_data":"{\"version\":\"1.1.6\"}"}
 ajax: no
2023-10-05T08:26:39+00:00 DEBUG Tt4b_Mapi_Class::mapi_post: Response: 

HTTP/1.1 200 OK
Server: TLB
Content-Type: application/json; charset=utf-8
Content-Length: 103
X-Api-Deprecation-Info: API for Business Version 1.3 is now live. To avoid disruption to your business, we recommend you migrate all calls to v1.3 as soon as possible. Please visit our migration guide for more details: https://ads.tiktok.com/marketing_api/docs?id=1740029169927169
X-Domain-Change-Info: We have moved to the new domain business-api.tiktok.com for API services after the Platform Upgrade on 09/30/2021. Please update all of your requests with the new domain if you haven't done so already. For more information, please visit https://ads.tiktok.com/marketing_api/docs?rid=esb88xalm6m&id=1709207085043713
X-Tt-Logid: 20231005082638F23CBFC86143F410BBB6
Server-Timing: inner; dur=2
x-tt-trace-host: 01d736a7c6b95750b9b2d9bab3ecf7f6e6f38c37234eb531a051e5fdf58ad4b9499624b1b3e3820ab53a74a2e1af03fe50cc7b7e19d725c17b72058a7c51dc7aebe893646ed84b3bfe261ebf61f4b8d5dd3c10585feef1796f65086c28be9968e3
Expires: Thu, 05 Oct 2023 08:26:39 GMT
Cache-Control: max-age=0, no-cache, no-store
Pragma: no-cache
Date: Thu, 05 Oct 2023 08:26:39 GMT
X-Cache: TCP_MISS from a23-33-91-108.deploy.akamaitechnologies.com (AkamaiGHost/11.2.5.2-51612204) (-)
Connection: close
x-tt-trace-tag: id=16;cdn-cache=miss;type=dyn
Server-Timing: cdn-cache; desc=MISS, edge; dur=3, origin; dur=37
X-Origin-Response-Time: 37,23.33.91.108
X-Akamai-Request-ID: 11c2ebc9

{"code":40104,"message":"The access_token is empty.","request_id":"20231005082638F23CBFC86143F410BBB6"}

2023-10-05T08:40:32+00:00 DEBUG Tt4b_Pixel_Class::inject_view_content_event: hit ViewContent
2023-10-05T08:40:32+00:00 DEBUG Tt4b_Pixel_Class::inject_view_content_event: Missing option "access_token"
2023-10-05T08:40:35+00:00 DEBUG Tt4b_Pixel_Class::inject_add_to_cart_event: hit AddToCart
2023-10-05T08:40:35+00:00 DEBUG Tt4b_Pixel_Class::inject_add_to_cart_event: Missing option "access_token"
