2023-10-04T07:12:25+00:00 DEBUG POST: https://business-api.tiktok.com/open_api/v1.2/tbp/business_profile/store/update/

{"business_platform":"WOO_COMMERCE","external_business_id":"tt4b_woocommerce_65191255d703a","net_gmv":[{"interval":"LIFETIME","max":6190000,"min":6190000,"unit":"CURRENCY"}],"net_order_count":[{"interval":"LIFETIME","max":1,"min":1,"unit":"COUNT"}],"tenure":{"min":13,"max":13,"unit":"DAYS"},"extra_data":"{\"version\":\"1.1.6\"}"}
 ajax: no
2023-10-04T07:12:27+00:00 DEBUG Tt4b_Mapi_Class::mapi_post: Response: 

HTTP/1.1 200 OK
Server: TLB
Content-Type: application/json; charset=utf-8
Content-Length: 103
X-Api-Deprecation-Info: API for Business Version 1.3 is now live. To avoid disruption to your business, we recommend you migrate all calls to v1.3 as soon as possible. Please visit our migration guide for more details: https://ads.tiktok.com/marketing_api/docs?id=1740029169927169
X-Domain-Change-Info: We have moved to the new domain business-api.tiktok.com for API services after the Platform Upgrade on 09/30/2021. Please update all of your requests with the new domain if you haven't done so already. For more information, please visit https://ads.tiktok.com/marketing_api/docs?rid=esb88xalm6m&id=1709207085043713
X-Tt-Logid: 20231004071225576984067E39BACC1388
x-tt-trace-host: 01940cede786bf0abbed967cc10a46b2e06b6f3196ba1c6649a140b0630632abf783f0b0517473f8e0bb45789be66b7c48ed53a67da665a29546808082a4aef49c09e08d557e3ea81d8c8e6beac020c0ba0dc3c101aaea6b64d705530714468eb36eff02c5df67e049856a564166d5f73c
X-Origin-Response-Time: 19,23.59.80.197
X-Akamai-Request-ID: 164ef213.4cc2555
Expires: Wed, 04 Oct 2023 07:12:26 GMT
Cache-Control: max-age=0, no-cache, no-store
Pragma: no-cache
Date: Wed, 04 Oct 2023 07:12:26 GMT
X-Cache: TCP_MISS from a23-203-135-117.deploy.akamaitechnologies.com (AkamaiGHost/11.2.5.1-51461813) (-)
Connection: close
X-Cache-Remote: TCP_MISS from a23-59-80-197.deploy.akamaitechnologies.com (AkamaiGHost/11.2.5.2-51612204) (-)
x-tt-trace-tag: id=16;cdn-cache=miss;type=dyn
Server-Timing: cdn-cache; desc=MISS, edge; dur=41, origin; dur=19
Server-Timing: inner; dur=7
X-Parent-Response-Time: 57,23.203.135.117

{"code":40104,"message":"The access_token is empty.","request_id":"20231004071225576984067E39BACC1388"}

